This is pdfTeX, Version 3.1415926-2.5-1.40.14 (TeX Live 2013) (format=pdflatex 2013.5.30)  18 MAR 2016 22:54
entering extended mode
 restricted \write18 enabled.
 %&-line parsing enabled.
**outline
(./outline.tex
LaTeX2e <2011/06/27>
Babel <3.9f> and hyphenation patterns for 78 languages loaded.
(./sig-alternate.cls
(/usr/local/texlive/2013/texmf-dist/tex/latex/graphics/epsfig.sty
Package: epsfig 1999/02/16 v1.7a (e)psfig emulation (SPQR)

(/usr/local/texlive/2013/texmf-dist/tex/latex/graphics/graphicx.sty
Package: graphicx 1999/02/16 v1.0f Enhanced LaTeX Graphics (DPC,SPQR)

(/usr/local/texlive/2013/texmf-dist/tex/latex/graphics/keyval.sty
Package: keyval 1999/03/16 v1.13 key=value parser (DPC)
\KV@toks@=\toks14
)
(/usr/local/texlive/2013/texmf-dist/tex/latex/graphics/graphics.sty
Package: graphics 2009/02/05 v1.0o Standard LaTeX Graphics (DPC,SPQR)

(/usr/local/texlive/2013/texmf-dist/tex/latex/graphics/trig.sty
Package: trig 1999/03/16 v1.09 sin cos tan (DPC)
)
(/usr/local/texlive/2013/texmf-dist/tex/latex/latexconfig/graphics.cfg
File: graphics.cfg 2010/04/23 v1.9 graphics configuration of TeX Live
)
Package graphics Info: Driver file: pdftex.def on input line 91.

(/usr/local/texlive/2013/texmf-dist/tex/latex/pdftex-def/pdftex.def
File: pdftex.def 2011/05/27 v0.06d Graphics/color for pdfTeX

(/usr/local/texlive/2013/texmf-dist/tex/generic/oberdiek/infwarerr.sty
Package: infwarerr 2010/04/08 v1.3 Providing info/warning/error messages (HO)
)
(/usr/local/texlive/2013/texmf-dist/tex/generic/oberdiek/ltxcmds.sty
Package: ltxcmds 2011/11/09 v1.22 LaTeX kernel commands for general use (HO)
)
\Gread@gobject=\count79
))
\Gin@req@height=\dimen102
\Gin@req@width=\dimen103
)
\epsfxsize=\dimen104
\epsfysize=\dimen105
)
(/usr/local/texlive/2013/texmf-dist/tex/latex/amsfonts/amssymb.sty
Package: amssymb 2013/01/14 v3.01 AMS font symbols

(/usr/local/texlive/2013/texmf-dist/tex/latex/amsfonts/amsfonts.sty
Package: amsfonts 2013/01/14 v3.01 Basic AMSFonts support
\@emptytoks=\toks15
\symAMSa=\mathgroup4
\symAMSb=\mathgroup5
LaTeX Font Info:    Overwriting math alphabet `\mathfrak' in version `bold'
(Font)                  U/euf/m/n --> U/euf/b/n on input line 106.
))
(/usr/local/texlive/2013/texmf-dist/tex/latex/amsmath/amsmath.sty
Package: amsmath 2013/01/14 v2.14 AMS math features
\@mathmargin=\skip41

For additional information on amsmath, use the `?' option.
(/usr/local/texlive/2013/texmf-dist/tex/latex/amsmath/amstext.sty
Package: amstext 2000/06/29 v2.01

(/usr/local/texlive/2013/texmf-dist/tex/latex/amsmath/amsgen.sty
File: amsgen.sty 1999/11/30 v2.0
\@emptytoks=\toks16
\ex@=\dimen106
))
(/usr/local/texlive/2013/texmf-dist/tex/latex/amsmath/amsbsy.sty
Package: amsbsy 1999/11/29 v1.2d
\pmbraise@=\dimen107
)
(/usr/local/texlive/2013/texmf-dist/tex/latex/amsmath/amsopn.sty
Package: amsopn 1999/12/14 v2.01 operator names
)
\inf@bad=\count80
LaTeX Info: Redefining \frac on input line 210.
\uproot@=\count81
\leftroot@=\count82
LaTeX Info: Redefining \overline on input line 306.
\classnum@=\count83
\DOTSCASE@=\count84
LaTeX Info: Redefining \ldots on input line 378.
LaTeX Info: Redefining \dots on input line 381.
LaTeX Info: Redefining \cdots on input line 466.
\Mathstrutbox@=\box26
\strutbox@=\box27
\big@size=\dimen108
LaTeX Font Info:    Redeclaring font encoding OML on input line 566.
LaTeX Font Info:    Redeclaring font encoding OMS on input line 567.
\macc@depth=\count85
\c@MaxMatrixCols=\count86
\dotsspace@=\muskip10
\c@parentequation=\count87
\dspbrk@lvl=\count88
\tag@help=\toks17
\row@=\count89
\column@=\count90
\maxfields@=\count91
\andhelp@=\toks18
\eqnshift@=\dimen109
\alignsep@=\dimen110
\tagshift@=\dimen111
\tagwidth@=\dimen112
\totwidth@=\dimen113
\lineht@=\dimen114
\@envbody=\toks19
\multlinegap=\skip42
\multlinetaggap=\skip43
\mathdisplay@stack=\toks20
LaTeX Info: Redefining \[ on input line 2665.
LaTeX Info: Redefining \] on input line 2666.
)
Document Class 'sig-alternate' <9th June '13>. Modified by G.K.M. Tobin/Gerry M
urray/Boris Veytsman
Based in part upon document Style `acmconf' <22 May 89>. Hacked 4/91 by
shivers@cs.cmu.edu, 4/93 by theobald@cs.mcgill.ca
Excerpts were taken from (Journal Style) 'esub2acm.cls'.
****** Bugs/comments/suggestions/technicalities to Gerry Murray -- murray@hq.ac
m.org ******
Questions on the style, SIGS policies, etc. to Adrienne Griscti griscti@acm.org

\ACM@basesize=\count92
(/usr/local/texlive/2013/texmf-dist/tex/latex/comment/comment.sty
\CommentStream=\write3

Excluding comment 'comment') Excluding comment 'CCSXML'
\footheight=\dimen115
\@maxsep=\dimen116
\@dblmaxsep=\dimen117

(/usr/local/texlive/2013/texmf-dist/tex/generic/oberdiek/ifpdf.sty
Package: ifpdf 2011/01/30 v2.3 Provides the ifpdf switch (HO)
Package ifpdf Info: pdfTeX in PDF mode is detected.
)
\aucount=\count93
\originalaucount=\count94
\auwidth=\dimen118
\auskip=\dimen119
\auskipcount=\count95
\auskip=\dimen120
\allauboxes=\dimen121
\addauthors=\toks21
\addauflag=\count96
\subtitletext=\toks22
\savesection=\count97
\sectioncntr=\count98
\c@figure=\count99
\c@table=\count100
\titleboxnotes=\toks23
\titleboxnoteflag=\count101

Document Class: sig-alternate 2013/05/12 v2.7 based on acmproc.cls V1.3 <Nov. 3
0 '99>
(/usr/local/texlive/2013/texmf-dist/tex/latex/base/latexsym.sty
Package: latexsym 1998/08/17 v2.2e Standard LaTeX package (lasy symbols)
\symlasy=\mathgroup6
LaTeX Font Info:    Overwriting symbol font `lasy' in version `bold'
(Font)                  U/lasy/m/n --> U/lasy/b/n on input line 47.
)
\@acmtitlebox=\box28
\titlenotecount=\count102
\tntoks=\toks24
\tntokstwo=\toks25
\tntoksthree=\toks26
\tntoksfour=\toks27
\tntoksfive=\toks28
\catcount=\count103
\copyrightnotice=\toks29
\conf=\toks30
\confinfo=\toks31
\c@part=\count104
\c@section=\count105
\c@subsection=\count106
\c@subsubsection=\count107
\c@paragraph=\count108

Using 'Abbrev' bibliography style
LaTeX Info: Redefining \cite on input line 1408.
\bibindent=\dimen122
\colcntr=\count109
\saveb@x=\box29
\copyrtyr=\toks32
\acmcopyr=\toks33
\boilerplate=\toks34
(/usr/local/texlive/2013/texmf-dist/tex/latex/url/url.sty
\Urlmuskip=\muskip11
Package: url 2006/04/12  ver 3.3  Verb mode for urls, etc.
) (./acmcopyright.sty
Package: acmcopyright 2014/06/29 v1.2 Copyright statemens for ACM classes

(/usr/local/texlive/2013/texmf-dist/tex/latex/xkeyval/xkeyval.sty
Package: xkeyval 2012/10/14 v2.6b package option processing (HA)

(/usr/local/texlive/2013/texmf-dist/tex/generic/xkeyval/xkeyval.tex
\XKV@toks=\toks35
\XKV@tempa@toks=\toks36
\XKV@depth=\count110
File: xkeyval.tex 2012/10/14 v2.6b key=value parser (HA)
)))
\copyrightetc=\toks37

(/usr/local/texlive/2013/texmf-dist/tex/latex/base/fontenc.sty
Package: fontenc 2005/09/27 v1.99g Standard LaTeX package

(/usr/local/texlive/2013/texmf-dist/tex/latex/base/t1enc.def
File: t1enc.def 2005/09/27 v1.99g Standard LaTeX file
LaTeX Font Info:    Redeclaring font encoding T1 on input line 43.
)
LaTeX Font Info:    Try loading font information for T1+aer on input line 100.

(/usr/local/texlive/2013/texmf-dist/tex/latex/ae/t1aer.fd
File: t1aer.fd 1997/11/16 Font definitions for T1/aer.
)))
(/usr/local/texlive/2013/texmf-dist/tex/latex/enumitem/enumitem.sty
Package: enumitem 2011/09/28 v3.5.2 Customized lists
\labelindent=\skip44
\enit@outerparindent=\dimen123
\enit@toks=\toks38
\enit@inbox=\box30
\enitdp@description=\count111
)
(/usr/local/texlive/2013/texmf-dist/tex/latex/framed/framed.sty
Package: framed 2011/10/22 v 0.96: framed or shaded text with page breaks
\OuterFrameSep=\skip45
\fb@frw=\dimen124
\fb@frh=\dimen125
\FrameRule=\dimen126
\FrameSep=\dimen127
)
(/usr/local/texlive/2013/texmf-dist/tex/latex/cprotect/cprotect.sty
Package: cprotect 2011/01/27 v1.0e (Bruno Le Floch)

(/usr/local/texlive/2013/texmf-dist/tex/latex/base/ifthen.sty
Package: ifthen 2001/05/26 v1.1c Standard LaTeX ifthen package (DPC)
)
(/usr/local/texlive/2013/texmf-dist/tex/latex/bigfoot/suffix.sty
Package: suffix 2006/07/15 1.5 Variant command support
)
\CPT@WriteOut=\write4
\c@CPT@WriteCount=\count112
\c@CPT@numB=\count113
\CPT@commandatend@toks=\toks39
)
(/usr/local/texlive/2013/texmf-dist/tex/latex/listings/listings.sty
\lst@mode=\count114
\lst@gtempboxa=\box31
\lst@token=\toks40
\lst@length=\count115
\lst@currlwidth=\dimen128
\lst@column=\count116
\lst@pos=\count117
\lst@lostspace=\dimen129
\lst@width=\dimen130
\lst@newlines=\count118
\lst@lineno=\count119
\abovecaptionskip=\skip46
\belowcaptionskip=\skip47
\lst@maxwidth=\dimen131

(/usr/local/texlive/2013/texmf-dist/tex/latex/listings/lstmisc.sty
File: lstmisc.sty 2007/02/22 1.4 (Carsten Heinz)
\c@lstnumber=\count120
\lst@skipnumbers=\count121
\lst@framebox=\box32
)
(/usr/local/texlive/2013/texmf-dist/tex/latex/listings/listings.cfg
File: listings.cfg 2007/02/22 1.4 listings configuration
))
Package: listings 2007/02/22 1.4 (Carsten Heinz)

(/usr/local/texlive/2013/texmf-dist/tex/latex/pdfpages/pdfpages.sty
Package: pdfpages 2012/08/31 v0.4t Insert pages of external PDF documents (AM)

(/usr/local/texlive/2013/texmf-dist/tex/latex/tools/calc.sty
Package: calc 2007/08/22 v4.3 Infix arithmetic (KKT,FJ)
\calc@Acount=\count122
\calc@Bcount=\count123
\calc@Adimen=\dimen132
\calc@Bdimen=\dimen133
\calc@Askip=\skip48
\calc@Bskip=\skip49
LaTeX Info: Redefining \setlength on input line 76.
LaTeX Info: Redefining \addtolength on input line 77.
\calc@Ccount=\count124
\calc@Cskip=\skip50
)
(/usr/local/texlive/2013/texmf-dist/tex/latex/eso-pic/eso-pic.sty
Package: eso-pic 2010/10/06 v2.0c eso-pic (RN)

(/usr/local/texlive/2013/texmf-dist/tex/generic/oberdiek/atbegshi.sty
Package: atbegshi 2011/10/05 v1.16 At begin shipout hook (HO)
)
(/usr/local/texlive/2013/texmf-dist/tex/latex/xcolor/xcolor.sty
Package: xcolor 2007/01/21 v2.11 LaTeX color extensions (UK)

(/usr/local/texlive/2013/texmf-dist/tex/latex/latexconfig/color.cfg
File: color.cfg 2007/01/18 v1.5 color configuration of teTeX/TeXLive
)
Package xcolor Info: Driver file: pdftex.def on input line 225.
Package xcolor Info: Model `cmy' substituted by `cmy0' on input line 1337.
Package xcolor Info: Model `hsb' substituted by `rgb' on input line 1341.
Package xcolor Info: Model `RGB' extended on input line 1353.
Package xcolor Info: Model `HTML' substituted by `rgb' on input line 1355.
Package xcolor Info: Model `Hsb' substituted by `hsb' on input line 1356.
Package xcolor Info: Model `tHsb' substituted by `hsb' on input line 1357.
Package xcolor Info: Model `HSB' substituted by `hsb' on input line 1358.
Package xcolor Info: Model `Gray' substituted by `gray' on input line 1359.
Package xcolor Info: Model `wave' substituted by `hsb' on input line 1360.
))
(/usr/local/texlive/2013/texmf-dist/tex/latex/pdfpages/pppdftex.def
File: pppdftex.def 2012/08/31 v0.4t Pdfpages driver for pdfTeX (AM)
)
\AM@pagebox=\box33
\AM@toc@title=\toks41
\c@AM@survey=\count125
\AM@templatesizebox=\box34
)
(/usr/local/texlive/2013/texmf-dist/tex/latex/base/alltt.sty
Package: alltt 1997/06/16 v2.0g defines alltt environment
)
(/usr/local/texlive/2013/texmf-dist/tex/latex/oberdiek/epstopdf.sty
Package: epstopdf 2010/02/09 v2.5 Conversion with epstopdf on the fly (HO)

(/usr/local/texlive/2013/texmf-dist/tex/latex/oberdiek/epstopdf-base.sty
Package: epstopdf-base 2010/02/09 v2.5 Base part for package epstopdf

(/usr/local/texlive/2013/texmf-dist/tex/latex/oberdiek/grfext.sty
Package: grfext 2010/08/19 v1.1 Manage graphics extensions (HO)

(/usr/local/texlive/2013/texmf-dist/tex/generic/oberdiek/kvdefinekeys.sty
Package: kvdefinekeys 2011/04/07 v1.3 Define keys (HO)
))
(/usr/local/texlive/2013/texmf-dist/tex/latex/oberdiek/kvoptions.sty
Package: kvoptions 2011/06/30 v3.11 Key value format for package options (HO)

(/usr/local/texlive/2013/texmf-dist/tex/generic/oberdiek/kvsetkeys.sty
Package: kvsetkeys 2012/04/25 v1.16 Key value parser (HO)

(/usr/local/texlive/2013/texmf-dist/tex/generic/oberdiek/etexcmds.sty
Package: etexcmds 2011/02/16 v1.5 Avoid name clashes with e-TeX commands (HO)

(/usr/local/texlive/2013/texmf-dist/tex/generic/oberdiek/ifluatex.sty
Package: ifluatex 2010/03/01 v1.3 Provides the ifluatex switch (HO)
Package ifluatex Info: LuaTeX not detected.
)
Package etexcmds Info: Could not find \expanded.
(etexcmds)             That can mean that you are not using pdfTeX 1.50 or
(etexcmds)             that some package has redefined \expanded.
(etexcmds)             In the latter case, load this package earlier.
)))
(/usr/local/texlive/2013/texmf-dist/tex/generic/oberdiek/pdftexcmds.sty
Package: pdftexcmds 2011/11/29 v0.20 Utility functions of pdfTeX for LuaTeX (HO
)
Package pdftexcmds Info: LuaTeX not detected.
Package pdftexcmds Info: \pdf@primitive is available.
Package pdftexcmds Info: \pdf@ifprimitive is available.
Package pdftexcmds Info: \pdfdraftmode found.
)
Package grfext Info: Graphics extension search list:
(grfext)             [.png,.pdf,.jpg,.mps,.jpeg,.jbig2,.jb2,.PNG,.PDF,.JPG,.JPE
G,.JBIG2,.JB2,.eps]
(grfext)             \AppendGraphicsExtensions on input line 452.

(/usr/local/texlive/2013/texmf-dist/tex/latex/latexconfig/epstopdf-sys.cfg
File: epstopdf-sys.cfg 2010/07/13 v1.3 Configuration of (r)epstopdf for TeX Liv
e
)))
(/usr/local/texlive/2013/texmf-dist/tex/latex/tools/xspace.sty
Package: xspace 2009/10/20 v1.13 Space after command names (DPC,MH)
)
(/usr/local/texlive/2013/texmf-dist/tex/latex/colortbl/colortbl.sty
Package: colortbl 2012/02/13 v1.0a Color table columns (DPC)

(/usr/local/texlive/2013/texmf-dist/tex/latex/tools/array.sty
Package: array 2008/09/09 v2.4c Tabular extension package (FMi)
\col@sep=\dimen134
\extrarowheight=\dimen135
\NC@list=\toks42
\extratabsurround=\skip51
\backup@length=\skip52
)
\everycr=\toks43
\minrowclearance=\skip53
)
(/usr/local/texlive/2013/texmf-dist/tex/generic/babel/babel.sty
Package: babel 2013/05/16 v3.9f The Babel package

(/usr/local/texlive/2013/texmf-dist/tex/generic/babel-english/english.ldf
Language: english 2012/08/20 v3.3p English support from the babel system

(/usr/local/texlive/2013/texmf-dist/tex/generic/babel/babel.def
File: babel.def 2013/05/16 v3.9f Babel common definitions
\babel@savecnt=\count126
\U@D=\dimen136
)
\l@canadian = a dialect from \language\l@american 
\l@australian = a dialect from \language\l@british 
\l@newzealand = a dialect from \language\l@british 
))
(/usr/local/texlive/2013/texmf-dist/tex/latex/multirow/multirow.sty
\bigstrutjot=\dimen137
)
(/usr/local/texlive/2013/texmf-dist/tex/latex/subfigure/subfigure.sty
Package: subfigure 2002/03/15 v2.1.5 subfigure package
\subfigtopskip=\skip54
\subfigcapskip=\skip55
\subfigcaptopadj=\dimen138
\subfigbottomskip=\skip56
\subfigcapmargin=\dimen139
\subfiglabelskip=\skip57
\c@subfigure=\count127
\c@lofdepth=\count128
\c@subtable=\count129
\c@lotdepth=\count130

****************************************
* Local config file subfigure.cfg used *
****************************************
(/usr/local/texlive/2013/texmf-dist/tex/latex/subfigure/subfigure.cfg)
\subfig@top=\skip58
\subfig@bottom=\skip59
)
(/usr/local/texlive/2013/texmf-dist/tex/latex/fmtcount/fmtcount.sty
Package: fmtcount 2012/10/24 v2.02

(/usr/local/texlive/2013/texmf-dist/tex/latex/etoolbox/etoolbox.sty
Package: etoolbox 2011/01/03 v2.1 e-TeX tools for LaTeX

(/usr/local/texlive/2013/texmf-dist/tex/latex/etex-pkg/etex.sty
Package: etex 1998/03/26 v2.0 eTeX basic definition package (PEB)
\et@xins=\count131
)
\etb@tempcnta=\count132
)
(/usr/local/texlive/2013/texmf-dist/tex/latex/fmtcount/fcprefix.sty
Package: fcprefix 2012/09/28

(/usr/local/texlive/2013/texmf-dist/tex/latex/fmtcount/fcnumparser.sty
Package: fcnumparser 2012/09/28
\fc@digit@counter=\count133
))
\c@padzeroesN=\count134
\fc@tmpcatcode=\count135

(/usr/local/texlive/2013/texmf-dist/tex/latex/fmtcount/fc-english.def
File: fc-english.def 2012/06/18
)
\@DT@modctr=\count136
\@ordinalctr=\count137
\@orgargctr=\count138
\@strctr=\count139
\@tmpstrctr=\count140
\@DT@loopN=\count141
\@DT@X=\count142
)
(/usr/local/texlive/2013/texmf-dist/tex/latex/amsfonts/eucal.sty
Package: eucal 2009/06/22 v3.00 Euler Script fonts
LaTeX Font Info:    Overwriting math alphabet `\EuScript' in version `bold'
(Font)                  U/eus/m/n --> U/eus/b/n on input line 33.
)
(/usr/local/texlive/2013/texmf-dist/tex/latex/tools/bm.sty
Package: bm 2004/02/26 v1.1c Bold Symbol Support (DPC/FMi)
\symboldoperators=\mathgroup7
\symboldletters=\mathgroup8
\symboldsymbols=\mathgroup9
\symboldlasy=\mathgroup10
LaTeX Font Info:    Redeclaring math alphabet \mathbf on input line 138.
LaTeX Info: Redefining \bm on input line 204.
)
(/usr/local/texlive/2013/texmf-dist/tex/latex/psnfss/times.sty
Package: times 2005/04/12 PSNFSS-v9.2a (SPQR) 
)
(/usr/local/texlive/2013/texmf-dist/tex/latex/csquotes/csquotes.sty
Package: csquotes 2011/10/22 v5.1d context-sensitive quotations
\csq@reset=\count143
\csq@gtype=\count144
\csq@glevel=\count145
\csq@qlevel=\count146
\csq@maxlvl=\count147
\csq@tshold=\count148
\csq@ltx@everypar=\toks44

(/usr/local/texlive/2013/texmf-dist/tex/latex/csquotes/csquotes.def
File: csquotes.def 2011/10/22 v5.1d csquotes generic definitions
)
Package csquotes Info: Trying to load configuration file 'csquotes.cfg'...
Package csquotes Info: ... configuration file loaded successfully.

(/usr/local/texlive/2013/texmf-dist/tex/latex/csquotes/csquotes.cfg
File: csquotes.cfg 
))
Package csquotes Info: Checking for multilingual support...
Package csquotes Info: ... found 'babel' package.
Package csquotes Info: Adjusting default style.
Package csquotes Info: Redefining alias 'default' -> 'USenglish'.

(./outline.aux)
\openout1 = `outline.aux'.

LaTeX Font Info:    Checking defaults for OML/cmm/m/it on input line 45.
LaTeX Font Info:    ... okay on input line 45.
LaTeX Font Info:    Checking defaults for T1/cmr/m/n on input line 45.
LaTeX Font Info:    ... okay on input line 45.
LaTeX Font Info:    Checking defaults for OT1/cmr/m/n on input line 45.
LaTeX Font Info:    ... okay on input line 45.
LaTeX Font Info:    Checking defaults for OMS/cmsy/m/n on input line 45.
LaTeX Font Info:    ... okay on input line 45.
LaTeX Font Info:    Checking defaults for OMX/cmex/m/n on input line 45.
LaTeX Font Info:    ... okay on input line 45.
LaTeX Font Info:    Checking defaults for U/cmr/m/n on input line 45.
LaTeX Font Info:    ... okay on input line 45.
LaTeX Font Info:    Try loading font information for T1+ptm on input line 45.
 (/usr/local/texlive/2013/texmf-dist/tex/latex/psnfss/t1ptm.fd
File: t1ptm.fd 2001/06/04 font definitions for T1/ptm.
)
(/usr/local/texlive/2013/texmf-dist/tex/context/base/supp-pdf.mkii
[Loading MPS to PDF converter (version 2006.09.02).]
\scratchcounter=\count149
\scratchdimen=\dimen140
\scratchbox=\box35
\nofMPsegments=\count150
\nofMParguments=\count151
\everyMPshowfont=\toks45
\MPscratchCnt=\count152
\MPscratchDim=\dimen141
\MPnumerator=\count153
\makeMPintoPDFobject=\count154
\everyMPtoPDFconversion=\toks46
)
\c@lstlisting=\count155
\AtBeginShipoutBox=\box36
\c@theorem=\count156
\c@example=\count157
\c@definition=\count158
\c@problem=\count159
\c@property=\count160
\c@proposition=\count161
\c@lemma=\count162
\c@corollary=\count163
LaTeX Font Info:    Try loading font information for U+msa on input line 163.
 (/usr/local/texlive/2013/texmf-dist/tex/latex/amsfonts/umsa.fd
File: umsa.fd 2013/01/14 v3.01 AMS symbols A
)
LaTeX Font Info:    Try loading font information for U+msb on input line 163.

(/usr/local/texlive/2013/texmf-dist/tex/latex/amsfonts/umsb.fd
File: umsb.fd 2013/01/14 v3.01 AMS symbols B
)
LaTeX Font Info:    Try loading font information for U+lasy on input line 163.

(/usr/local/texlive/2013/texmf-dist/tex/latex/base/ulasy.fd
File: ulasy.fd 1998/08/17 v2.2e LaTeX symbol font definitions
)
LaTeX Font Info:    Font shape `U/lasy/b/n' in size <9> not available
(Font)              Font shape `U/lasy/m/n' tried instead on input line 163.
LaTeX Font Info:    Font shape `U/lasy/b/n' in size <6> not available
(Font)              Font shape `U/lasy/m/n' tried instead on input line 163.
LaTeX Font Info:    Font shape `U/lasy/b/n' in size <5> not available
(Font)              Font shape `U/lasy/m/n' tried instead on input line 163.

Overfull \hbox (6.1987pt too wide) in paragraph at lines 163--163
 []\eaddfnt sanjay@eecs.berkeley.edu 
 []

LaTeX Font Info:    Try loading font information for OMS+ptm on input line 163.

(/usr/local/texlive/2013/texmf-dist/tex/latex/psnfss/omsptm.fd
File: omsptm.fd 
)
LaTeX Font Info:    Font shape `OMS/ptm/m/n' in size <7> not available
(Font)              Font shape `OMS/cmsy/m/n' tried instead on input line 163.
LaTeX Font Info:    Font shape `U/lasy/b/n' in size <8> not available
(Font)              Font shape `U/lasy/m/n' tried instead on input line 163.

(./introduction.tex <figs/update-arch.png, id=1, 623.4492pt x 307.3884pt>
File: figs/update-arch.png Graphic file (type png)

<use figs/update-arch.png>
Package pdftex.def Info: figs/update-arch.png used on input line 26.
(pdftex.def)             Requested size: 167.99927pt x 82.8318pt.
LaTeX Font Info:    Font shape `T1/ptm/bx/n' in size <9> not available
(Font)              Font shape `T1/ptm/b/n' tried instead on input line 28.
 [1{/usr/local/texlive/2013/texmf-var/fonts/map/pdftex/updmap/pdftex.map}


 <./figs/update-arch.png>]
Underfull \hbox (badness 10000) in paragraph at lines 51--57
[]\T1/ptm/m/it/9 The
 []


Underfull \hbox (badness 1048) in paragraph at lines 51--57
\T1/ptm/m/it/9 JHU JIG-SAWS Dataset is a cor-pus of sur-gi-cal train-ing 120
 []


Underfull \hbox (badness 2894) in paragraph at lines 60--65
[]\T1/ptm/m/it/9 We have a
 []

) (./architecture.tex [2]
LaTeX Font Info:    Try loading font information for T1+phv on input line 56.

(/usr/local/texlive/2013/texmf-dist/tex/latex/psnfss/t1phv.fd
File: t1phv.fd 2001/06/04 scalable font definitions for T1/phv.
)
LaTeX Font Info:    Try loading font information for T1+pcr on input line 63.

(/usr/local/texlive/2013/texmf-dist/tex/latex/psnfss/t1pcr.fd
File: t1pcr.fd 2001/06/04 font definitions for T1/pcr.
)
Underfull \hbox (badness 10000) in paragraph at lines 63--64
[]\T1/pcr/m/n/7 Init(dirty_data, cleaned_data, dirty_model, batch,
 []

LaTeX Font Info:    Font shape `U/lasy/b/n' in size <7> not available
(Font)              Font shape `U/lasy/m/n' tried instead on input line 64.

Underfull \hbox (badness 10000) in paragraph at lines 66--67
[]\T1/pcr/m/n/7 dirty_sample $\OT1/cmr/m/n/7 =$ \T1/pcr/m/n/7 Sampler(dirty_dat
a, sample_prob,
 []


Underfull \hbox (badness 10000) in paragraph at lines 68--69
[]\T1/pcr/m/n/7 current_model $\OT1/cmr/m/n/7 =$ \T1/pcr/m/n/7 Updater(current_
model,
 []


Underfull \hbox (badness 10000) in paragraph at lines 71--72
[]\T1/pcr/m/n/7 sample_prob $\OT1/cmr/m/n/7 =$ \T1/pcr/m/n/7 Estimator(dirty_da
ta, cleaned_data,
 []


Underfull \hbox (badness 4608) in paragraph at lines 108--110
\T1/ptm/b/n/9 Sampler (Im-por-tance Sam-pling):  \T1/ptm/m/n/9 We use an im-por
-
 []


Underfull \hbox (badness 1635) in paragraph at lines 108--110
\T1/ptm/m/n/9 tance sam-pling tech-nique to se-lect a sam-ple of likely dirty
 []

) (./interface.tex <figs/interface1.png, id=25, 483.2454pt x 336.7782pt>
File: figs/interface1.png Graphic file (type png)

<use figs/interface1.png>
Package pdftex.def Info: figs/interface1.png used on input line 6.
(pdftex.def)             Requested size: 95.99854pt x 66.90222pt.

<figs/interface2.png, id=26, 483.7272pt x 365.2044pt>
File: figs/interface2.png Graphic file (type png)

<use figs/interface2.png>
Package pdftex.def Info: figs/interface2.png used on input line 7.
(pdftex.def)             Requested size: 103.19824pt x 77.91pt.
 [3 <./figs/interface1.png> <./figs/interface2.png>]
<figs/interface3.png, id=36, 711.1368pt x 569.4876pt>
File: figs/interface3.png Graphic file (type png)

<use figs/interface3.png>
Package pdftex.def Info: figs/interface3.png used on input line 32.
(pdftex.def)             Requested size: 144.00146pt x 115.3119pt.
) (./proposal.tex
LaTeX Font Info:    Font shape `T1/ptm/bx/n' in size <7> not available
(Font)              Font shape `T1/ptm/b/n' tried instead on input line 35.
) (./outline.bbl
LaTeX Font Info:    Calculating math sizes for size <7.5> on input line 6.


LaTeX Font Warning: Font shape `OT1/cmr/m/n' in size <7.5> not available
(Font)              size <7> substituted on input line 6.


LaTeX Font Warning: Font shape `OT1/cmr/m/n' in size <3.75> not available
(Font)              size <5> substituted on input line 6.


LaTeX Font Warning: Font shape `OML/cmm/m/it' in size <7.5> not available
(Font)              size <7> substituted on input line 6.


LaTeX Font Warning: Font shape `OML/cmm/m/it' in size <3.75> not available
(Font)              size <5> substituted on input line 6.


LaTeX Font Warning: Font shape `OMS/cmsy/m/n' in size <7.5> not available
(Font)              size <7> substituted on input line 6.


LaTeX Font Warning: Font shape `OMS/cmsy/m/n' in size <3.75> not available
(Font)              size <5> substituted on input line 6.


LaTeX Font Warning: Font shape `U/lasy/m/n' in size <7.5> not available
(Font)              size <7> substituted on input line 6.


LaTeX Font Warning: Font shape `U/lasy/m/n' in size <3.75> not available
(Font)              size <5> substituted on input line 6.


LaTeX Font Warning: Font shape `OT1/cmr/bx/n' in size <7.5> not available
(Font)              size <7> substituted on input line 6.


LaTeX Font Warning: Font shape `OT1/cmr/bx/n' in size <3.75> not available
(Font)              size <5> substituted on input line 6.


LaTeX Font Warning: Font shape `OML/cmm/b/it' in size <7.5> not available
(Font)              size <7> substituted on input line 6.


LaTeX Font Warning: Font shape `OML/cmm/b/it' in size <3.75> not available
(Font)              size <5> substituted on input line 6.


LaTeX Font Warning: Font shape `OMS/cmsy/b/n' in size <7.5> not available
(Font)              size <7> substituted on input line 6.


LaTeX Font Warning: Font shape `OMS/cmsy/b/n' in size <3.75> not available
(Font)              size <5> substituted on input line 6.

LaTeX Font Info:    Font shape `U/lasy/b/n' in size <7.5> not available
(Font)              Font shape `U/lasy/m/n' tried instead on input line 6.

LaTeX Font Warning: Font shape `U/lasy/m/n' in size <7.5> not available
(Font)              size <7> substituted on input line 6.

LaTeX Font Info:    Font shape `U/lasy/b/n' in size <5.24997> not available
(Font)              Font shape `U/lasy/m/n' tried instead on input line 6.
LaTeX Font Info:    Font shape `U/lasy/b/n' in size <3.75> not available
(Font)              Font shape `U/lasy/m/n' tried instead on input line 6.

LaTeX Font Warning: Font shape `U/lasy/m/n' in size <3.75> not available
(Font)              size <5> substituted on input line 6.

) [4 <./figs/interface3.png>] (./outline.aux)

LaTeX Font Warning: Size substitutions with differences
(Font)              up to 1.25pt have occurred.

 ) 
Here is how much of TeX's memory you used:
 8276 strings out of 493315
 115083 string characters out of 6137904
 223260 words of memory out of 5000000
 11463 multiletter control sequences out of 15000+600000
 78735 words of font info for 109 fonts, out of 8000000 for 9000
 957 hyphenation exceptions out of 8191
 42i,12n,39p,815b,502s stack positions out of 5000i,500n,10000p,200000b,80000s
{/usr/local/texlive/2013/texmf-dist/fonts/enc/dvips/base/8r.enc}</usr/local/t
exlive/2013/texmf-dist/fonts/type1/public/amsfonts/cm/cmbx9.pfb></usr/local/tex
live/2013/texmf-dist/fonts/type1/public/amsfonts/cmextra/cmex9.pfb></usr/local/
texlive/2013/texmf-dist/fonts/type1/public/amsfonts/cm/cmmi6.pfb></usr/local/te
xlive/2013/texmf-dist/fonts/type1/public/amsfonts/cm/cmmi7.pfb></usr/local/texl
ive/2013/texmf-dist/fonts/type1/public/amsfonts/cm/cmmi9.pfb></usr/local/texliv
e/2013/texmf-dist/fonts/type1/public/amsfonts/cm/cmr6.pfb></usr/local/texlive/2
013/texmf-dist/fonts/type1/public/amsfonts/cm/cmr7.pfb></usr/local/texlive/2013
/texmf-dist/fonts/type1/public/amsfonts/cm/cmr9.pfb></usr/local/texlive/2013/te
xmf-dist/fonts/type1/public/amsfonts/cm/cmsy6.pfb></usr/local/texlive/2013/texm
f-dist/fonts/type1/public/amsfonts/cm/cmsy7.pfb></usr/local/texlive/2013/texmf-
dist/fonts/type1/public/amsfonts/cm/cmsy9.pfb></usr/local/texlive/2013/texmf-di
st/fonts/type1/urw/courier/ucrr8a.pfb></usr/local/texlive/2013/texmf-dist/fonts
/type1/urw/helvetic/uhvb8a.pfb></usr/local/texlive/2013/texmf-dist/fonts/type1/
urw/helvetic/uhvr8a.pfb></usr/local/texlive/2013/texmf-dist/fonts/type1/urw/tim
es/utmb8a.pfb></usr/local/texlive/2013/texmf-dist/fonts/type1/urw/times/utmr8a.
pfb></usr/local/texlive/2013/texmf-dist/fonts/type1/urw/times/utmri8a.pfb>
Output written on outline.pdf (4 pages, 464624 bytes).
PDF statistics:
 95 PDF objects out of 1000 (max. 8388607)
 63 compressed objects within 1 object stream
 0 named destinations out of 1000 (max. 500000)
 21 words of extra memory for PDF output out of 10000 (max. 10000000)

